0 info it worked if it ends with ok
1 verbose cli [ 'C:\\Program Files\\nodejs\\node.exe',
1 verbose cli   'C:\\Program Files\\nodejs\\node_modules\\npm\\bin\\npm-cli.js',
1 verbose cli   'run',
1 verbose cli   'lint' ]
2 info using npm@3.10.10
3 info using node@v6.11.2
4 verbose run-script [ 'prelint', 'lint', 'postlint' ]
5 info lifecycle ntnu-td4290-17@1.0.0~prelint: ntnu-td4290-17@1.0.0
6 silly lifecycle ntnu-td4290-17@1.0.0~prelint: no script for prelint, continuing
7 info lifecycle ntnu-td4290-17@1.0.0~lint: ntnu-td4290-17@1.0.0
8 verbose lifecycle ntnu-td4290-17@1.0.0~lint: unsafe-perm in lifecycle true
9 verbose lifecycle ntnu-td4290-17@1.0.0~lint: PATH: C:\Program Files\nodejs\node_modules\npm\bin\node-gyp-bin;C:\Users\eirik\Schlumberger\ntnu-td4290-17\node_modules\.bin;C:\Users\eirik\bin;C:\Program Files\Git\mingw64\bin;C:\Program Files\Git\usr\local\bin;C:\Program Files\Git\usr\bin;C:\Program Files\Git\usr\bin;C:\Program Files\Git\mingw64\bin;C:\Program Files\Git\usr\bin;C:\Users\eirik\bin;C:\ProgramData\Oracle\Java\javapath;C:\WINDOWS\system32;C:\WINDOWS;C:\WINDOWS\System32\Wbem;C:\WINDOWS\System32\WindowsPowerShell\v1.0;C:\Program Files (x86)\GtkSharp\2.12\bin;C:\Program Files\nodejs;C:\Users\eirik\AppData\Local\Programs\Python\Python36-32\Scripts;C:\Users\eirik\AppData\Local\Programs\Python\Python36-32;C:\Users\eirik\AppData\Local\Microsoft\WindowsApps;C:\Users\eirik\AppData\Roaming\npm;C:\Users\eirik\AppData\Local\atom\bin;%USERPROFILE%\AppData\Local\Microsoft\WindowsApps;C:\Program Files\Git\usr\bin\vendor_perl;C:\Program Files\Git\usr\bin\core_perl
10 verbose lifecycle ntnu-td4290-17@1.0.0~lint: CWD: C:\Users\eirik\Schlumberger\ntnu-td4290-17
11 silly lifecycle ntnu-td4290-17@1.0.0~lint: Args: [ '/d /s /c',
11 silly lifecycle   'eslint client/** components/** test/** utils/**' ]
12 silly lifecycle ntnu-td4290-17@1.0.0~lint: Returned: code: 1  signal: null
13 info lifecycle ntnu-td4290-17@1.0.0~lint: Failed to exec lint script
14 verbose stack Error: ntnu-td4290-17@1.0.0 lint: `eslint client/** components/** test/** utils/**`
14 verbose stack Exit status 1
14 verbose stack     at EventEmitter.<anonymous> (C:\Program Files\nodejs\node_modules\npm\lib\utils\lifecycle.js:255:16)
14 verbose stack     at emitTwo (events.js:106:13)
14 verbose stack     at EventEmitter.emit (events.js:191:7)
14 verbose stack     at ChildProcess.<anonymous> (C:\Program Files\nodejs\node_modules\npm\lib\utils\spawn.js:40:14)
14 verbose stack     at emitTwo (events.js:106:13)
14 verbose stack     at ChildProcess.emit (events.js:191:7)
14 verbose stack     at maybeClose (internal/child_process.js:891:16)
14 verbose stack     at Process.ChildProcess._handle.onexit (internal/child_process.js:226:5)
15 verbose pkgid ntnu-td4290-17@1.0.0
16 verbose cwd C:\Users\eirik\Schlumberger\ntnu-td4290-17
17 error Windows_NT 10.0.15063
18 error argv "C:\\Program Files\\nodejs\\node.exe" "C:\\Program Files\\nodejs\\node_modules\\npm\\bin\\npm-cli.js" "run" "lint"
19 error node v6.11.2
20 error npm  v3.10.10
21 error code ELIFECYCLE
22 error ntnu-td4290-17@1.0.0 lint: `eslint client/** components/** test/** utils/**`
22 error Exit status 1
23 error Failed at the ntnu-td4290-17@1.0.0 lint script 'eslint client/** components/** test/** utils/**'.
23 error Make sure you have the latest version of node.js and npm installed.
23 error If you do, this is most likely a problem with the ntnu-td4290-17 package,
23 error not with npm itself.
23 error Tell the author that this fails on your system:
23 error     eslint client/** components/** test/** utils/**
23 error You can get information on how to open an issue for this project with:
23 error     npm bugs ntnu-td4290-17
23 error Or if that isn't available, you can get their info via:
23 error     npm owner ls ntnu-td4290-17
23 error There is likely additional logging output above.
24 verbose exit [ 1, true ]
